flutter_application/build/app/intermediates/manifest_merge_blame_file/debug/manifest-merger-blame-debug-report.txt
1<?xml version="1.0" encoding="utf-8"?>
2<manifest xmlns:android="http://schemas.android.com/apk/res/android"
3    package="com.shrity.shugolbait"
4    android:versionCode="2"
5    android:versionName="1.7.0" >
6
7    <uses-sdk
8        android:minSdkVersion="23"
9        android:targetSdkVersion="29" />
10    <!--
11         Flutter needs it to communicate with the running application
12         to allow setting breakpoints, to provide hot reload, etc.
13    -->
14    <uses-permission android:name="android.permission.INTERNET" />
14-->src/main/AndroidManifest.xml:4:5-66
14-->src/main/AndroidManifest.xml:4:22-64
15    <uses-permission android:name="android.permission.ACCESS_FINE_LOCATION" />
15-->src/main/AndroidManifest.xml:5:5-78
15-->src/main/AndroidManifest.xml:5:22-76
16    <uses-permission android:name="android.permission.ACCESS_COARSE_LOCATION" />
16-->src/main/AndroidManifest.xml:6:5-80
16-->src/main/AndroidManifest.xml:6:22-78
17    <uses-permission android:name="android.permission.ACCESS_NETWORK_STATE" />
17-->[com.google.firebase:firebase-measurement-connector-impl:17.0.2] AndroidManifest.xml:23:5-79
17-->[com.google.firebase:firebase-measurement-connector-impl:17.0.2] AndroidManifest.xml:23:22-76
18    <uses-permission android:name="android.permission.WAKE_LOCK" />
18-->[com.google.firebase:firebase-measurement-connector-impl:17.0.2] AndroidManifest.xml:24:5-68
18-->[com.google.firebase:firebase-measurement-connector-impl:17.0.2] AndroidManifest.xml:24:22-65
19    <uses-permission android:name="com.google.android.finsky.permission.BIND_GET_INSTALL_REFERRER_SERVICE" /> <!-- Required by older versions of Google Play services to create IID tokens -->
19-->[com.google.firebase:firebase-analytics-impl:16.2.2] AndroidManifest.xml:26:5-110
19-->[com.google.firebase:firebase-analytics-impl:16.2.2] AndroidManifest.xml:26:22-107
20    <uses-permission android:name="com.google.android.c2dm.permission.RECEIVE" />
20-->[com.google.firebase:firebase-iid:20.1.2] AndroidManifest.xml:26:5-82
20-->[com.google.firebase:firebase-iid:20.1.2] AndroidManifest.xml:26:22-79
21
22    <uses-feature
22-->[com.google.android.gms:play-services-maps:17.0.0] AndroidManifest.xml:26:5-28:35
23        android:glEsVersion="0x00020000"
23-->[com.google.android.gms:play-services-maps:17.0.0] AndroidManifest.xml:27:9-41
24        android:required="true" />
24-->[com.google.android.gms:play-services-maps:17.0.0] AndroidManifest.xml:28:9-32
25    <!--
26 io.flutter.app.FlutterApplication is an android.app.Application that
27         calls FlutterMain.startInitialization(this); in its onCreate method.
28         In most cases you can leave this as-is, but you if you want to provide
29         additional functionality it is fine to subclass or reimplement
30         FlutterApplication and put your custom class here.
31    -->
32    <application
32-->src/main/AndroidManifest.xml:13:5-46:19
33        android:name="com.shrity.shugolbait.Application"
33-->src/main/AndroidManifest.xml:14:9-36
34        android:appComponentFactory="androidx.core.app.CoreComponentFactory"
34-->[androidx.core:core:1.2.0] AndroidManifest.xml:24:18-86
35        android:debuggable="true"
36        android:extractNativeLibs="false"
37        android:icon="@mipmap/ic_launcher"
37-->src/main/AndroidManifest.xml:16:9-43
38        android:label="Markets" >
38-->src/main/AndroidManifest.xml:15:9-32
39        <meta-data
39-->src/main/AndroidManifest.xml:18:9-19:77
40            android:name="com.google.android.geo.API_KEY"
40-->src/main/AndroidManifest.xml:18:20-65
41            android:value="AIzaSyAT07iMlfZ9bJt1gmGj9KhJDLFY8srI6dA" />
41-->src/main/AndroidManifest.xml:19:20-75
42        <meta-data
42-->src/main/AndroidManifest.xml:20:9-22:62
43            android:name="com.google.firebase.messaging.default_notification_icon"
43-->src/main/AndroidManifest.xml:21:17-87
44            android:resource="@mipmap/ic_notification" />
44-->src/main/AndroidManifest.xml:22:17-59
45
46        <activity
46-->src/main/AndroidManifest.xml:23:9-45:20
47            android:name="com.shrity.shugolbait.MainActivity"
47-->src/main/AndroidManifest.xml:24:13-41
48            android:configChanges="orientation|keyboardHidden|keyboard|screenSize|locale|layoutDirection|fontScale|screenLayout|density|uiMode"
48-->src/main/AndroidManifest.xml:27:13-144
49            android:hardwareAccelerated="true"
49-->src/main/AndroidManifest.xml:28:13-47
50            android:launchMode="singleTop"
50-->src/main/AndroidManifest.xml:25:13-43
51            android:theme="@style/LaunchTheme"
51-->src/main/AndroidManifest.xml:26:13-47
52            android:windowSoftInputMode="adjustResize" >
52-->src/main/AndroidManifest.xml:29:13-55
53
54            <!--
55                 This keeps the window background of the activity showing
56                 until Flutter renders its first frame. It can be removed if
57                 there is no splash screen (such as the default splash screen
58                 defined in @style/LaunchTheme).
59            -->
60            <meta-data
60-->src/main/AndroidManifest.xml:34:13-36:40
61                android:name="io.flutter.app.android.SplashScreenUntilFirstFrame"
61-->src/main/AndroidManifest.xml:35:17-82
62                android:value="true" />
62-->src/main/AndroidManifest.xml:36:17-37
63
64            <intent-filter>
64-->src/main/AndroidManifest.xml:37:13-40:29
65                <action android:name="android.intent.action.MAIN" />
65-->src/main/AndroidManifest.xml:38:17-68
65-->src/main/AndroidManifest.xml:38:25-66
66
67                <category android:name="android.intent.category.LAUNCHER" />
67-->src/main/AndroidManifest.xml:39:17-76
67-->src/main/AndroidManifest.xml:39:27-74
68            </intent-filter>
69            <intent-filter>
69-->src/main/AndroidManifest.xml:41:13-44:29
70                <action android:name="FLUTTER_NOTIFICATION_CLICK" />
70-->src/main/AndroidManifest.xml:42:17-69
70-->src/main/AndroidManifest.xml:42:25-66
71
72                <category android:name="android.intent.category.DEFAULT" />
72-->src/main/AndroidManifest.xml:43:17-76
72-->src/main/AndroidManifest.xml:43:27-73
73            </intent-filter>
74        </activity>
75
76        <service android:name="io.flutter.plugins.firebasemessaging.FlutterFirebaseInstanceIDService" >
76-->[:firebase_messaging] AndroidManifest.xml:8:9-12:19
76-->[:firebase_messaging] AndroidManifest.xml:8:18-102
77            <intent-filter>
77-->[:firebase_messaging] AndroidManifest.xml:9:13-11:29
78                <action android:name="com.google.firebase.INSTANCE_ID_EVENT" />
78-->[:firebase_messaging] AndroidManifest.xml:10:17-80
78-->[:firebase_messaging] AndroidManifest.xml:10:25-77
79            </intent-filter>
80        </service>
81        <service android:name="io.flutter.plugins.firebasemessaging.FlutterFirebaseMessagingService" >
81-->[:firebase_messaging] AndroidManifest.xml:13:9-17:19
81-->[:firebase_messaging] AndroidManifest.xml:13:18-101
82            <intent-filter>
82-->[:firebase_messaging] AndroidManifest.xml:14:13-16:29
83                <action android:name="com.google.firebase.MESSAGING_EVENT" />
83-->[:firebase_messaging] AndroidManifest.xml:15:17-78
83-->[:firebase_messaging] AndroidManifest.xml:15:25-75
84            </intent-filter>
85        </service>
86
87        <activity
87-->[:url_launcher] AndroidManifest.xml:8:9-11:74
88            android:name="io.flutter.plugins.urllauncher.WebViewActivity"
88-->[:url_launcher] AndroidManifest.xml:9:13-74
89            android:exported="false"
89-->[:url_launcher] AndroidManifest.xml:10:13-37
90            android:theme="@android:style/Theme.NoTitleBar.Fullscreen" />
90-->[:url_launcher] AndroidManifest.xml:11:13-71
91        <activity
91-->[:flutter_inappbrowser] AndroidManifest.xml:8:9-11:47
92            android:name="com.pichillilorenzo.flutter_inappbrowser.InAppBrowserActivity"
92-->[:flutter_inappbrowser] AndroidManifest.xml:9:13-89
93            android:configChanges="orientation|screenSize"
93-->[:flutter_inappbrowser] AndroidManifest.xml:10:13-59
94            android:theme="@style/AppTheme" />
94-->[:flutter_inappbrowser] AndroidManifest.xml:11:13-44
95        <activity
95-->[:flutter_inappbrowser] AndroidManifest.xml:12:9-15:55
96            android:name="com.pichillilorenzo.flutter_inappbrowser.ChromeCustomTabs.ChromeCustomTabsActivity"
96-->[:flutter_inappbrowser] AndroidManifest.xml:13:13-110
97            android:configChanges="orientation|screenSize"
97-->[:flutter_inappbrowser] AndroidManifest.xml:14:13-59
98            android:theme="@style/ThemeTransparent" />
98-->[:flutter_inappbrowser] AndroidManifest.xml:15:13-52
99        <!--
100             FirebaseMessagingService performs security checks at runtime,
101             but set to not exported to explicitly avoid allowing another app to call it.
102        -->
103        <service
103-->[com.google.firebase:firebase-messaging:20.1.3] AndroidManifest.xml:28:9-34:19
104            android:name="com.google.firebase.messaging.FirebaseMessagingService"
104-->[com.google.firebase:firebase-messaging:20.1.3] AndroidManifest.xml:29:13-82
105            android:exported="false" >
105-->[com.google.firebase:firebase-messaging:20.1.3] AndroidManifest.xml:30:13-37
106            <intent-filter android:priority="-500" >
106-->[:firebase_messaging] AndroidManifest.xml:14:13-16:29
107                <action android:name="com.google.firebase.MESSAGING_EVENT" />
107-->[:firebase_messaging] AndroidManifest.xml:15:17-78
107-->[:firebase_messaging] AndroidManifest.xml:15:25-75
108            </intent-filter>
109        </service>
110        <service
110-->[com.google.firebase:firebase-messaging:20.1.3] AndroidManifest.xml:35:9-41:19
111            android:name="com.google.firebase.components.ComponentDiscoveryService"
111-->[com.google.firebase:firebase-messaging:20.1.3] AndroidManifest.xml:36:13-84
112            android:directBootAware="true"
112-->[com.google.firebase:firebase-common:19.3.0] AndroidManifest.xml:34:13-43
113            android:exported="false" >
113-->[com.google.firebase:firebase-messaging:20.1.3] AndroidManifest.xml:37:13-37
114            <meta-data
114-->[com.google.firebase:firebase-messaging:20.1.3] AndroidManifest.xml:38:13-40:85
115                android:name="com.google.firebase.components:com.google.firebase.messaging.FirebaseMessagingRegistrar"
115-->[com.google.firebase:firebase-messaging:20.1.3] AndroidManifest.xml:39:17-119
116                android:value="com.google.firebase.components.ComponentRegistrar" />
116-->[com.google.firebase:firebase-messaging:20.1.3] AndroidManifest.xml:40:17-82
117            <meta-data
117-->[com.google.firebase:firebase-measurement-connector-impl:17.0.2] AndroidManifest.xml:28:13-30:85
118                android:name="com.google.firebase.components:com.google.firebase.analytics.connector.internal.AnalyticsConnectorRegistrar"
118-->[com.google.firebase:firebase-measurement-connector-impl:17.0.2] AndroidManifest.xml:29:17-139
119                android:value="com.google.firebase.components.ComponentRegistrar" />
119-->[com.google.firebase:firebase-measurement-connector-impl:17.0.2] AndroidManifest.xml:30:17-82
120            <meta-data
120-->[com.google.firebase:firebase-iid:20.1.2] AndroidManifest.xml:32:13-34:85
121                android:name="com.google.firebase.components:com.google.firebase.iid.Registrar"
121-->[com.google.firebase:firebase-iid:20.1.2] AndroidManifest.xml:33:17-96
122                android:value="com.google.firebase.components.ComponentRegistrar" />
122-->[com.google.firebase:firebase-iid:20.1.2] AndroidManifest.xml:34:17-82
123            <meta-data
123-->[com.google.firebase:firebase-firestore:17.0.4] AndroidManifest.xml:12:13-14:85
124                android:name="com.google.firebase.components:com.google.firebase.firestore.FirestoreRegistrar"
124-->[com.google.firebase:firebase-firestore:17.0.4] AndroidManifest.xml:13:17-111
125                android:value="com.google.firebase.components.ComponentRegistrar" />
125-->[com.google.firebase:firebase-firestore:17.0.4] AndroidManifest.xml:14:17-82
126            <meta-data
126-->[com.google.firebase:firebase-auth:16.0.4] AndroidManifest.xml:32:13-34:85
127                android:name="com.google.firebase.components:com.google.firebase.auth.FirebaseAuthRegistrar"
127-->[com.google.firebase:firebase-auth:16.0.4] AndroidManifest.xml:33:17-109
128                android:value="com.google.firebase.components.ComponentRegistrar" />
128-->[com.google.firebase:firebase-auth:16.0.4] AndroidManifest.xml:34:17-82
129            <meta-data
129-->[com.google.firebase:firebase-datatransport:17.0.3] AndroidManifest.xml:28:13-30:85
130                android:name="com.google.firebase.components:com.google.firebase.datatransport.TransportRegistrar"
130-->[com.google.firebase:firebase-datatransport:17.0.3] AndroidManifest.xml:29:17-115
131                android:value="com.google.firebase.components.ComponentRegistrar" />
131-->[com.google.firebase:firebase-datatransport:17.0.3] AndroidManifest.xml:30:17-82
132            <meta-data
132-->[com.google.firebase:firebase-installations:16.3.2] AndroidManifest.xml:17:13-19:85
133                android:name="com.google.firebase.components:com.google.firebase.installations.FirebaseInstallationsRegistrar"
133-->[com.google.firebase:firebase-installations:16.3.2] AndroidManifest.xml:18:17-127
134                android:value="com.google.firebase.components.ComponentRegistrar" />
134-->[com.google.firebase:firebase-installations:16.3.2] AndroidManifest.xml:19:17-82
135        </service>
136
137        <receiver
137-->[com.google.firebase:firebase-analytics-impl:16.2.2] AndroidManifest.xml:29:9-37:20
138            android:name="com.google.android.gms.measurement.AppMeasurementInstallReferrerReceiver"
138-->[com.google.firebase:firebase-analytics-impl:16.2.2] AndroidManifest.xml:30:13-100
139            android:enabled="true"
139-->[com.google.firebase:firebase-analytics-impl:16.2.2] AndroidManifest.xml:31:13-35
140            android:exported="true"
140-->[com.google.firebase:firebase-analytics-impl:16.2.2] AndroidManifest.xml:32:13-36
141            android:permission="android.permission.INSTALL_PACKAGES" >
141-->[com.google.firebase:firebase-analytics-impl:16.2.2] AndroidManifest.xml:33:13-69
142            <intent-filter>
142-->[com.google.firebase:firebase-analytics-impl:16.2.2] AndroidManifest.xml:34:13-36:29
143                <action android:name="com.android.vending.INSTALL_REFERRER" />
143-->[com.google.firebase:firebase-analytics-impl:16.2.2] AndroidManifest.xml:35:17-79
143-->[com.google.firebase:firebase-analytics-impl:16.2.2] AndroidManifest.xml:35:25-76
144            </intent-filter>
145        </receiver>
146        <receiver
146-->[com.google.firebase:firebase-iid:20.1.2] AndroidManifest.xml:37:9-44:20
147            android:name="com.google.firebase.iid.FirebaseInstanceIdReceiver"
147-->[com.google.firebase:firebase-iid:20.1.2] AndroidManifest.xml:38:13-78
148            android:exported="true"
148-->[com.google.firebase:firebase-iid:20.1.2] AndroidManifest.xml:39:13-36
149            android:permission="com.google.android.c2dm.permission.SEND" >
149-->[com.google.firebase:firebase-iid:20.1.2] AndroidManifest.xml:40:13-73
150            <intent-filter>
150-->[com.google.firebase:firebase-iid:20.1.2] AndroidManifest.xml:41:13-43:29
151                <action android:name="com.google.android.c2dm.intent.RECEIVE" />
151-->[com.google.firebase:firebase-iid:20.1.2] AndroidManifest.xml:42:17-81
151-->[com.google.firebase:firebase-iid:20.1.2] AndroidManifest.xml:42:25-78
152            </intent-filter>
153        </receiver>
154        <receiver
154-->[com.google.android.gms:play-services-measurement:17.5.0] AndroidManifest.xml:29:9-33:20
155            android:name="com.google.android.gms.measurement.AppMeasurementReceiver"
155-->[com.google.android.gms:play-services-measurement:17.5.0] AndroidManifest.xml:30:13-85
156            android:enabled="true"
156-->[com.google.android.gms:play-services-measurement:17.5.0] AndroidManifest.xml:31:13-35
157            android:exported="false" >
157-->[com.google.android.gms:play-services-measurement:17.5.0] AndroidManifest.xml:32:13-37
158        </receiver>
159
160        <service
160-->[com.google.android.gms:play-services-measurement:17.5.0] AndroidManifest.xml:35:9-38:40
161            android:name="com.google.android.gms.measurement.AppMeasurementService"
161-->[com.google.android.gms:play-services-measurement:17.5.0] AndroidManifest.xml:36:13-84
162            android:enabled="true"
162-->[com.google.android.gms:play-services-measurement:17.5.0] AndroidManifest.xml:37:13-35
163            android:exported="false" />
163-->[com.google.android.gms:play-services-measurement:17.5.0] AndroidManifest.xml:38:13-37
164        <service
164-->[com.google.android.gms:play-services-measurement:17.5.0] AndroidManifest.xml:39:9-43:72
165            android:name="com.google.android.gms.measurement.AppMeasurementJobService"
165-->[com.google.android.gms:play-services-measurement:17.5.0] AndroidManifest.xml:40:13-87
166            android:enabled="true"
166-->[com.google.android.gms:play-services-measurement:17.5.0] AndroidManifest.xml:41:13-35
167            android:exported="false"
167-->[com.google.android.gms:play-services-measurement:17.5.0] AndroidManifest.xml:42:13-37
168            android:permission="android.permission.BIND_JOB_SERVICE" />
168-->[com.google.android.gms:play-services-measurement:17.5.0] AndroidManifest.xml:43:13-69
169
170        <activity
170-->[com.google.android.gms:play-services-auth:16.0.1] AndroidManifest.xml:23:9-27:75
171            android:name="com.google.android.gms.auth.api.signin.internal.SignInHubActivity"
171-->[com.google.android.gms:play-services-auth:16.0.1] AndroidManifest.xml:24:13-93
172            android:excludeFromRecents="true"
172-->[com.google.android.gms:play-services-auth:16.0.1] AndroidManifest.xml:25:13-46
173            android:exported="false"
173-->[com.google.android.gms:play-services-auth:16.0.1] AndroidManifest.xml:26:13-37
174            android:theme="@android:style/Theme.Translucent.NoTitleBar" />
174-->[com.google.android.gms:play-services-auth:16.0.1] AndroidManifest.xml:27:13-72
175        <!--
176            Service handling Google Sign-In user revocation. For apps that do not integrate with
177            Google Sign-In, this service will never be started.
178        -->
179        <service
179-->[com.google.android.gms:play-services-auth:16.0.1] AndroidManifest.xml:33:9-36:110
180            android:name="com.google.android.gms.auth.api.signin.RevocationBoundService"
180-->[com.google.android.gms:play-services-auth:16.0.1] AndroidManifest.xml:34:13-89
181            android:exported="true"
181-->[com.google.android.gms:play-services-auth:16.0.1] AndroidManifest.xml:35:13-36
182            android:permission="com.google.android.gms.auth.api.signin.permission.REVOCATION_NOTIFICATION" />
182-->[com.google.android.gms:play-services-auth:16.0.1] AndroidManifest.xml:36:13-107
183
184        <activity
184-->[com.google.firebase:firebase-auth:16.0.4] AndroidManifest.xml:23:9-29:75
185            android:name="com.google.firebase.auth.internal.FederatedSignInActivity"
185-->[com.google.firebase:firebase-auth:16.0.4] AndroidManifest.xml:24:13-85
186            android:excludeFromRecents="true"
186-->[com.google.firebase:firebase-auth:16.0.4] AndroidManifest.xml:25:13-46
187            android:exported="true"
187-->[com.google.firebase:firebase-auth:16.0.4] AndroidManifest.xml:26:13-36
188            android:launchMode="singleInstance"
188-->[com.google.firebase:firebase-auth:16.0.4] AndroidManifest.xml:27:13-48
189            android:permission="com.google.firebase.auth.api.gms.permission.LAUNCH_FEDERATED_SIGN_IN"
189-->[com.google.firebase:firebase-auth:16.0.4] AndroidManifest.xml:28:13-102
190            android:theme="@android:style/Theme.Translucent.NoTitleBar" /> <!-- Needs to be explicitly declared on P+ -->
190-->[com.google.firebase:firebase-auth:16.0.4] AndroidManifest.xml:29:13-72
191        <uses-library
191-->[com.google.android.gms:play-services-maps:17.0.0] AndroidManifest.xml:33:9-35:40
192            android:name="org.apache.http.legacy"
192-->[com.google.android.gms:play-services-maps:17.0.0] AndroidManifest.xml:34:13-50
193            android:required="false" />
193-->[com.google.android.gms:play-services-maps:17.0.0] AndroidManifest.xml:35:13-37
194
195        <activity
195-->[com.google.android.gms:play-services-base:17.2.1] AndroidManifest.xml:23:9-26:75
196            android:name="com.google.android.gms.common.api.GoogleApiActivity"
196-->[com.google.android.gms:play-services-base:17.2.1] AndroidManifest.xml:24:13-79
197            android:exported="false"
197-->[com.google.android.gms:play-services-base:17.2.1] AndroidManifest.xml:25:13-37
198            android:theme="@android:style/Theme.Translucent.NoTitleBar" />
198-->[com.google.android.gms:play-services-base:17.2.1] AndroidManifest.xml:26:13-72
199
200        <provider
200-->[com.google.firebase:firebase-common:19.3.0] AndroidManifest.xml:26:9-30:39
201            android:name="com.google.firebase.provider.FirebaseInitProvider"
201-->[com.google.firebase:firebase-common:19.3.0] AndroidManifest.xml:27:13-77
202            android:authorities="com.shrity.shugolbait.firebaseinitprovider"
202-->[com.google.firebase:firebase-common:19.3.0] AndroidManifest.xml:28:13-72
203            android:exported="false"
203-->[com.google.firebase:firebase-common:19.3.0] AndroidManifest.xml:29:13-37
204            android:initOrder="100" />
204-->[com.google.firebase:firebase-common:19.3.0] AndroidManifest.xml:30:13-36
205
206        <meta-data
206-->[com.google.android.gms:play-services-basement:17.2.1] AndroidManifest.xml:23:9-25:69
207            android:name="com.google.android.gms.version"
207-->[com.google.android.gms:play-services-basement:17.2.1] AndroidManifest.xml:24:13-58
208            android:value="@integer/google_play_services_version" />
208-->[com.google.android.gms:play-services-basement:17.2.1] AndroidManifest.xml:25:13-66
209
210        <service
210-->[com.google.android.datatransport:transport-backend-cct:2.2.0] AndroidManifest.xml:29:9-35:19
211            android:name="com.google.android.datatransport.runtime.backends.TransportBackendDiscovery"
211-->[com.google.android.datatransport:transport-backend-cct:2.2.0] AndroidManifest.xml:30:13-103
212            android:exported="false" >
212-->[com.google.android.datatransport:transport-backend-cct:2.2.0] AndroidManifest.xml:31:13-37
213            <meta-data
213-->[com.google.android.datatransport:transport-backend-cct:2.2.0] AndroidManifest.xml:32:13-34:39
214                android:name="backend:com.google.android.datatransport.cct.CctBackendFactory"
214-->[com.google.android.datatransport:transport-backend-cct:2.2.0] AndroidManifest.xml:33:17-94
215                android:value="cct" />
215-->[com.google.android.datatransport:transport-backend-cct:2.2.0] AndroidManifest.xml:34:17-36
216        </service>
217        <service
217-->[com.google.android.datatransport:transport-runtime:2.2.0] AndroidManifest.xml:26:9-30:19
218            android:name="com.google.android.datatransport.runtime.scheduling.jobscheduling.JobInfoSchedulerService"
218-->[com.google.android.datatransport:transport-runtime:2.2.0] AndroidManifest.xml:27:13-117
219            android:exported="false"
219-->[com.google.android.datatransport:transport-runtime:2.2.0] AndroidManifest.xml:28:13-37
220            android:permission="android.permission.BIND_JOB_SERVICE" >
220-->[com.google.android.datatransport:transport-runtime:2.2.0] AndroidManifest.xml:29:13-69
221        </service>
222
223        <receiver
223-->[com.google.android.datatransport:transport-runtime:2.2.0] AndroidManifest.xml:32:9-34:40
224            android:name="com.google.android.datatransport.runtime.scheduling.jobscheduling.AlarmManagerSchedulerBroadcastReceiver"
224-->[com.google.android.datatransport:transport-runtime:2.2.0] AndroidManifest.xml:33:13-132
225            android:exported="false" />
225-->[com.google.android.datatransport:transport-runtime:2.2.0] AndroidManifest.xml:34:13-37
226    </application>
227
228</manifest>